<?xml version="1.0" encoding="UTF-8"?>
<!-- Generated by org.testng.reporters.JUnitXMLReporter -->
<testsuite hostname="DDC5-L-2J9T5Q2" name="Default test" tests="3" failures="0" timestamp="26 Dec 2019 16:00:39 GMT" time="0.051" errors="0">
  <testcase name="sign_up" time="0.01" classname="com.selenium_test.Testng_demo3"/>
  <testcase name="login" time="0.002" classname="com.selenium_test.Testng_demo3"/>
  <testcase name="add_product_to_the_cart" time="0.001" classname="com.selenium_test.Testng_demo3"/>
</testsuite> <!-- Default test -->
