<?xml version="1.0" encoding="UTF-8"?>
<testng-results skipped="0" failed="0" total="8" passed="8">
  <reporter-output>
  </reporter-output>
  <suite name="pavani_Suite" duration-ms="115822" started-at="2019-12-26T16:11:04Z" finished-at="2019-12-26T16:13:00Z">
    <groups>
    </groups>
    <test name="nalini_Test" duration-ms="115822" started-at="2019-12-26T16:11:04Z" finished-at="2019-12-26T16:13:00Z">
      <class name="com.selenium_test.Testng_demo2">
        <test-method status="PASS" signature="frame_handling()[pri:0, instance:com.selenium_test.Testng_demo2@af7cc2]" name="frame_handling" duration-ms="21583" started-at="2019-12-26T21:41:52Z" finished-at="2019-12-26T21:42:14Z">
          <reporter-output>
          </reporter-output>
        </test-method> <!-- frame_handling -->
      </class> <!-- com.selenium_test.Testng_demo2 -->
      <class name="com.selenium_test.Hdfc_netbanking_frame_demo">
        <test-method status="PASS" signature="hdfc_netbanking()[pri:0, instance:com.selenium_test.Hdfc_netbanking_frame_demo@88ff2c]" name="hdfc_netbanking" duration-ms="46170" started-at="2019-12-26T21:42:14Z" finished-at="2019-12-26T21:43:00Z">
          <reporter-output>
          </reporter-output>
        </test-method> <!-- hdfc_netbanking -->
      </class> <!-- com.selenium_test.Hdfc_netbanking_frame_demo -->
      <class name="com.selenium_test.Testng_demo1">
        <test-method status="PASS" signature="launch_browser()[pri:0, instance:com.selenium_test.Testng_demo1@a9e816]" name="launch_browser" is-config="true" duration-ms="20786" started-at="2019-12-26T21:41:04Z" finished-at="2019-12-26T21:41:25Z">
          <reporter-output>
          </reporter-output>
        </test-method> <!-- launch_browser -->
        <test-method status="PASS" signature="launch_browser()[pri:0, instance:com.selenium_test.Testng_demo2@af7cc2]" name="launch_browser" is-config="true" duration-ms="27125" started-at="2019-12-26T21:41:25Z" finished-at="2019-12-26T21:41:52Z">
          <reporter-output>
          </reporter-output>
        </test-method> <!-- launch_browser -->
        <test-method status="PASS" signature="beforeTest()[pri:0, instance:com.selenium_test.Testng_demo3@5bef66]" name="beforeTest" is-config="true" duration-ms="0" started-at="2019-12-26T21:41:52Z" finished-at="2019-12-26T21:41:52Z">
          <reporter-output>
          </reporter-output>
        </test-method> <!-- beforeTest -->
        <test-method status="PASS" signature="gmail()[pri:0, instance:com.selenium_test.Testng_demo1@a9e816]" name="gmail" duration-ms="1" started-at="2019-12-26T21:41:52Z" finished-at="2019-12-26T21:41:52Z">
          <reporter-output>
          </reporter-output>
        </test-method> <!-- gmail -->
        <test-method status="PASS" signature="google()[pri:0, instance:com.selenium_test.Testng_demo1@a9e816]" name="google" duration-ms="1" started-at="2019-12-26T21:41:52Z" finished-at="2019-12-26T21:41:52Z">
          <reporter-output>
          </reporter-output>
        </test-method> <!-- google -->
        <test-method status="PASS" signature="facebook()[pri:0, instance:com.selenium_test.Testng_demo1@a9e816]" name="facebook" duration-ms="1" started-at="2019-12-26T21:41:52Z" finished-at="2019-12-26T21:41:52Z">
          <reporter-output>
          </reporter-output>
        </test-method> <!-- facebook -->
        <test-method status="PASS" signature="close_browser()[pri:0, instance:com.selenium_test.Testng_demo1@a9e816]" name="close_browser" is-config="true" duration-ms="1" started-at="2019-12-26T21:43:00Z" finished-at="2019-12-26T21:43:00Z">
          <reporter-output>
          </reporter-output>
        </test-method> <!-- close_browser -->
        <test-method status="PASS" signature="close_browser()[pri:0, instance:com.selenium_test.Testng_demo2@af7cc2]" name="close_browser" is-config="true" duration-ms="107" started-at="2019-12-26T21:43:00Z" finished-at="2019-12-26T21:43:00Z">
          <reporter-output>
          </reporter-output>
        </test-method> <!-- close_browser -->
        <test-method status="PASS" signature="afterTest()[pri:0, instance:com.selenium_test.Testng_demo3@5bef66]" name="afterTest" is-config="true" duration-ms="1" started-at="2019-12-26T21:43:00Z" finished-at="2019-12-26T21:43:00Z">
          <reporter-output>
          </reporter-output>
        </test-method> <!-- afterTest -->
      </class> <!-- com.selenium_test.Testng_demo1 -->
      <class name="com.selenium_test.Testng_demo3">
        <test-method status="PASS" signature="beforeSuite()[pri:0, instance:com.selenium_test.Testng_demo3@5bef66]" name="beforeSuite" is-config="true" duration-ms="18" started-at="2019-12-26T21:41:04Z" finished-at="2019-12-26T21:41:04Z">
          <reporter-output>
          </reporter-output>
        </test-method> <!-- beforeSuite -->
        <test-method status="PASS" signature="beforeClass()[pri:0, instance:com.selenium_test.Testng_demo3@5bef66]" name="beforeClass" is-config="true" duration-ms="1" started-at="2019-12-26T21:41:52Z" finished-at="2019-12-26T21:41:52Z">
          <reporter-output>
          </reporter-output>
        </test-method> <!-- beforeClass -->
        <test-method status="PASS" signature="beforeMethod()[pri:0, instance:com.selenium_test.Testng_demo3@5bef66]" name="beforeMethod" is-config="true" duration-ms="1" started-at="2019-12-26T21:41:52Z" finished-at="2019-12-26T21:41:52Z">
          <reporter-output>
          </reporter-output>
        </test-method> <!-- beforeMethod -->
        <test-method status="PASS" signature="sign_up()[pri:0, instance:com.selenium_test.Testng_demo3@5bef66]" name="sign_up" duration-ms="7" started-at="2019-12-26T21:41:52Z" finished-at="2019-12-26T21:41:52Z">
          <reporter-output>
          </reporter-output>
        </test-method> <!-- sign_up -->
        <test-method status="PASS" signature="login()[pri:0, instance:com.selenium_test.Testng_demo3@5bef66]" name="login" duration-ms="4" started-at="2019-12-26T21:41:52Z" finished-at="2019-12-26T21:41:52Z">
          <reporter-output>
          </reporter-output>
        </test-method> <!-- login -->
        <test-method status="PASS" signature="beforeMethod()[pri:0, instance:com.selenium_test.Testng_demo3@5bef66]" name="beforeMethod" is-config="true" duration-ms="0" started-at="2019-12-26T21:41:52Z" finished-at="2019-12-26T21:41:52Z">
          <reporter-output>
          </reporter-output>
        </test-method> <!-- beforeMethod -->
        <test-method status="PASS" signature="afterMethod()[pri:0, instance:com.selenium_test.Testng_demo3@5bef66]" name="afterMethod" is-config="true" duration-ms="0" started-at="2019-12-26T21:41:52Z" finished-at="2019-12-26T21:41:52Z">
          <reporter-output>
          </reporter-output>
        </test-method> <!-- afterMethod -->
        <test-method status="PASS" signature="afterMethod()[pri:0, instance:com.selenium_test.Testng_demo3@5bef66]" name="afterMethod" is-config="true" duration-ms="1" started-at="2019-12-26T21:41:52Z" finished-at="2019-12-26T21:41:52Z">
          <reporter-output>
          </reporter-output>
        </test-method> <!-- afterMethod -->
        <test-method status="PASS" signature="add_product_to_the_cart()[pri:0, instance:com.selenium_test.Testng_demo3@5bef66]" name="add_product_to_the_cart" duration-ms="1" started-at="2019-12-26T21:41:52Z" finished-at="2019-12-26T21:41:52Z">
          <reporter-output>
          </reporter-output>
        </test-method> <!-- add_product_to_the_cart -->
        <test-method status="PASS" signature="beforeMethod()[pri:0, instance:com.selenium_test.Testng_demo3@5bef66]" name="beforeMethod" is-config="true" duration-ms="0" started-at="2019-12-26T21:41:52Z" finished-at="2019-12-26T21:41:52Z">
          <reporter-output>
          </reporter-output>
        </test-method> <!-- beforeMethod -->
        <test-method status="PASS" signature="afterMethod()[pri:0, instance:com.selenium_test.Testng_demo3@5bef66]" name="afterMethod" is-config="true" duration-ms="0" started-at="2019-12-26T21:41:52Z" finished-at="2019-12-26T21:41:52Z">
          <reporter-output>
          </reporter-output>
        </test-method> <!-- afterMethod -->
        <test-method status="PASS" signature="afterClass()[pri:0, instance:com.selenium_test.Testng_demo3@5bef66]" name="afterClass" is-config="true" duration-ms="0" started-at="2019-12-26T21:41:52Z" finished-at="2019-12-26T21:41:52Z">
          <reporter-output>
          </reporter-output>
        </test-method> <!-- afterClass -->
        <test-method status="PASS" signature="afterSuite()[pri:0, instance:com.selenium_test.Testng_demo3@5bef66]" name="afterSuite" is-config="true" duration-ms="1" started-at="2019-12-26T21:43:00Z" finished-at="2019-12-26T21:43:00Z">
          <reporter-output>
          </reporter-output>
        </test-method> <!-- afterSuite -->
      </class> <!-- com.selenium_test.Testng_demo3 -->
    </test> <!-- nalini_Test -->
  </suite> <!-- pavani_Suite -->
</testng-results>
