<?xml version="1.0" encoding="UTF-8"?>
<!-- Generated by org.testng.reporters.JUnitXMLReporter -->
<testsuite hostname="DDC5-L-2J9T5Q2" name="nalini_Test" tests="8" failures="0" timestamp="26 Dec 2019 16:13:00 GMT" time="115.822" errors="0">
  <testcase name="sign_up" time="0.007" classname="com.selenium_test.Testng_demo3"/>
  <testcase name="login" time="0.004" classname="com.selenium_test.Testng_demo3"/>
  <testcase name="add_product_to_the_cart" time="0.001" classname="com.selenium_test.Testng_demo3"/>
  <testcase name="gmail" time="0.001" classname="com.selenium_test.Testng_demo1"/>
  <testcase name="google" time="0.001" classname="com.selenium_test.Testng_demo1"/>
  <testcase name="facebook" time="0.001" classname="com.selenium_test.Testng_demo1"/>
  <testcase name="frame_handling" time="21.583" classname="com.selenium_test.Testng_demo2"/>
  <testcase name="hdfc_netbanking" time="46.17" classname="com.selenium_test.Hdfc_netbanking_frame_demo"/>
</testsuite> <!-- nalini_Test -->
